The system is: Linux - 5.4.72-microsoft-standard-WSL2 - x86_64
Compiling the C compiler identification source file "CMakeCCompilerId.c" succeeded.
Compiler: /usr/bin/cc 
Build flags: 
Id flags:  

The output was:
0


Compilation of the C compiler identification source "CMakeCCompilerId.c" produced "a.out"

The C compiler identification is GNU, found in "/mnt/c/Users/33652/Documents/Coding/minishell/cmake-build-debug/CMakeFiles/3.16.3/CompilerIdC/a.out"

Compiling the CXX compiler identification source file "CMakeCXXCompilerId.cpp" succeeded.
Compiler: /usr/bin/c++ 
Build flags: 
Id flags:  

The output was:
0


Compilation of the CXX compiler identification source "CMakeCXXCompilerId.cpp" produced "a.out"

The CXX compiler identification is GNU, found in "/mnt/c/Users/33652/Documents/Coding/minishell/cmake-build-debug/CMakeFiles/3.16.3/CompilerIdCXX/a.out"

Determining if the C compiler works passed with the following output:
Change Dir: /mnt/c/Users/33652/Documents/Coding/minishell/cmake-build-debug/CMakeFiles/CMakeTmp

Run Build Command(s):/usr/bin/make cmTC_a9bc0/fast && /usr/bin/make -f CMakeFiles/cmTC_a9bc0.dir/build.make CMakeFiles/cmTC_a9bc0.dir/build
make[1]: Entering directory '/mnt/c/Users/33652/Documents/Coding/minishell/cmake-build-debug/CMakeFiles/CMakeTmp'
Building C object CMakeFiles/cmTC_a9bc0.dir/testCCompiler.c.o
/usr/bin/cc    -o CMakeFiles/cmTC_a9bc0.dir/testCCompiler.c.o   -c /mnt/c/Users/33652/Documents/Coding/minishell/cmake-build-debug/CMakeFiles/CMakeTmp/testCCompiler.c
Linking C executable cmTC_a9bc0
/usr/bin/cmake -E cmake_link_script CMakeFiles/cmTC_a9bc0.dir/link.txt --verbose=1
/usr/bin/cc      -rdynamic CMakeFiles/cmTC_a9bc0.dir/testCCompiler.c.o  -o cmTC_a9bc0 
make[1]: Leaving directory '/mnt/c/Users/33652/Documents/Coding/minishell/cmake-build-debug/CMakeFiles/CMakeTmp'



Determining if the CXX compiler works passed with the following output:
Change Dir: /mnt/c/Users/33652/Documents/Coding/minishell/cmake-build-debug/CMakeFiles/CMakeTmp

Run Build Command(s):/usr/bin/make cmTC_a62c2/fast && /usr/bin/make -f CMakeFiles/cmTC_a62c2.dir/build.make CMakeFiles/cmTC_a62c2.dir/build
make[1]: Entering directory '/mnt/c/Users/33652/Documents/Coding/minishell/cmake-build-debug/CMakeFiles/CMakeTmp'
Building CXX object CMakeFiles/cmTC_a62c2.dir/testCXXCompiler.cxx.o
/usr/bin/c++     -o CMakeFiles/cmTC_a62c2.dir/testCXXCompiler.cxx.o -c /mnt/c/Users/33652/Documents/Coding/minishell/cmake-build-debug/CMakeFiles/CMakeTmp/testCXXCompiler.cxx
Linking CXX executable cmTC_a62c2
/usr/bin/cmake -E cmake_link_script CMakeFiles/cmTC_a62c2.dir/link.txt --verbose=1
/usr/bin/c++       -rdynamic CMakeFiles/cmTC_a62c2.dir/testCXXCompiler.cxx.o  -o cmTC_a62c2 
make[1]: Leaving directory '/mnt/c/Users/33652/Documents/Coding/minishell/cmake-build-debug/CMakeFiles/CMakeTmp'



